Using pre-set license
Built from '2020.3/release' branch; Version is '2020.3.12f1 (b3b2c6512326) revision 11776710'; Using compiler version '192528614'; Build Type 'Release'
OS: 'Windows 10 Pro; OS build 19041.928; Version 2004; 64bit' Language: 'ko' Physical Memory: 16335 MB
BatchMode: 1, IsHumanControllingUs: 0, StartBugReporterOnCrash: 0, Is64bit: 1, IsPro: 0

 COMMAND LINE ARGUMENTS:
C:\Users\Administrator\Desktop\Unity\Unity File\2020.3.12f1\Editor\Unity.exe
-adb2
-batchMode
-noUpm
-name
AssetImportWorker0
-projectPath
D:/GitHub_Project/Project_GunFire/Project_GunFire
-logFile
Logs/AssetImportWorker0.log
-srvPort
49293
Successfully changed project path to: D:/GitHub_Project/Project_GunFire/Project_GunFire
D:/GitHub_Project/Project_GunFire/Project_GunFire
Using Asset Import Pipeline V2.
Refreshing native plugins compatible for Editor in 47.11 ms, found 3 plugins.
Preloading 0 native plugins for Editor in 0.00 ms.
Initialize engine version: 2020.3.12f1 (b3b2c6512326)
[Subsystems] Discovering subsystems at path C:/Users/Administrator/Desktop/Unity/Unity File/2020.3.12f1/Editor/Data/Resources/UnitySubsystems
[Subsystems] Discovering subsystems at path D:/GitHub_Project/Project_GunFire/Project_GunFire/Assets
GfxDevice: creating device client; threaded=0
Direct3D:
    Version:  Direct3D 11.0 [level 11.1]
    Renderer: Radeon RX 580 Series (ID=0x67df)
    Vendor:   
    VRAM:     8171 MB
    Driver:   27.20.1034.6
Initialize mono
Mono path[0] = 'C:/Users/Administrator/Desktop/Unity/Unity File/2020.3.12f1/Editor/Data/Managed'
Mono path[1] = 'C:/Users/Administrator/Desktop/Unity/Unity File/2020.3.12f1/Editor/Data/MonoBleedingEdge/lib/mono/unityjit'
Mono config path = 'C:/Users/Administrator/Desktop/Unity/Unity File/2020.3.12f1/Editor/Data/MonoBleedingEdge/etc'
Using monoOptions --debugger-agent=transport=dt_socket,embedding=1,server=y,suspend=n,address=127.0.0.1:56328
Begin MonoManager ReloadAssembly
Registering precompiled unity dll's ...
Register platform support module: C:/Users/Administrator/Desktop/Unity/Unity File/2020.3.12f1/Editor/Data/PlaybackEngines/WindowsStandaloneSupport/UnityEditor.WindowsStandalone.Extensions.dll
Registered in 0.002468 seconds.
Native extension for WindowsStandalone target not found
Refreshing native plugins compatible for Editor in 48.48 ms, found 3 plugins.
Preloading 0 native plugins for Editor in 0.00 ms.
Mono: successfully reloaded assembly
- Completed reload, in  2.227 seconds
Platform modules already initialized, skipping
Registering precompiled user dll's ...
Registered in 0.003499 seconds.
Begin MonoManager ReloadAssembly
Native extension for WindowsStandalone target not found
Refreshing native plugins compatible for Editor in 47.29 ms, found 3 plugins.
Preloading 0 native plugins for Editor in 0.00 ms.
Mono: successfully reloaded assembly
- Completed reload, in  1.235 seconds
Platform modules already initialized, skipping
========================================================================
Worker process is ready to serve import requests
Launched and connected shader compiler UnityShaderCompiler.exe after 0.05 seconds
Refreshing native plugins compatible for Editor in 0.57 ms, found 3 plugins.
Preloading 0 native plugins for Editor in 0.00 ms.
Unloading 1987 Unused Serialized files (Serialized files now loaded: 0)
System memory in use before: 90.9 MB.
System memory in use after: 91.0 MB.

Unloading 26 unused Assets to reduce memory usage. Loaded Objects now: 2432.
Total: 2.425800 ms (FindLiveObjects: 0.222200 ms CreateObjectMapping: 0.049000 ms MarkObjects: 2.071700 ms  DeleteObjects: 0.081300 ms)

AssetImportParameters requested are different than current active one (requested -> active):
  custom:framework-win-MediaFoundation: 216162199b28c13a410421893ffa2e32 -> 
  custom:video-decoder-ogg-theora: a1e56fd34408186e4bbccfd4996cb3dc -> 
  custom:container-muxer-webm: aa71ff27fc2769a1b78a27578f13a17b -> 
  custom:container-demuxer-webm: 4f35f7cbe854078d1ac9338744f61a02 -> 
  custom:container-demuxer-ogg: 62fdf1f143b41e24485cea50d1cbac27 -> 
  custom:video-encoder-webm-vp8: eb34c28f22e8b96e1ab97ce403110664 -> 
  custom:video-decoder-webm-vp8: 9c59270c3fd7afecdb556c50c9e8de78 -> 
  custom:audio-decoder-ogg-vorbis: bf7c407c2cedff20999df2af8eb42d56 -> 
  custom:audio-encoder-webm-vorbis: bf7c407c2cedff20999df2af8eb42d56 -> 
========================================================================
Received Import Request.
  path: Assets/00.MyAsset/01.Script/Test
  artifactKey: Guid(28fd2252964cd5948ab81f27c02515cb) Importer(815301076,1909f56bfc062723c751e8b465ee728b)
Start importing Assets/00.MyAsset/01.Script/Test using Guid(28fd2252964cd5948ab81f27c02515cb) Importer(815301076,1909f56bfc062723c751e8b465ee728b)  -> (artifact id: '4558b3c6a774b489686011050909c712') in 0.012298 seconds 
  Import took 0.015319 seconds .

========================================================================
Received Import Request.
  Time since last request: 2.095881 seconds.
  path: Assets/00.MyAsset/01.Script/Character/Test.cs
  artifactKey: Guid(a464a67572a33a64ba79ca784004d9ee) Importer(815301076,1909f56bfc062723c751e8b465ee728b)
Start importing Assets/00.MyAsset/01.Script/Character/Test.cs using Guid(a464a67572a33a64ba79ca784004d9ee) Importer(815301076,1909f56bfc062723c751e8b465ee728b)  -> (artifact id: 'fde2f57f4a35b77a4fb0ef1db1a45745') in 0.029580 seconds 
  Import took 0.033342 seconds .

========================================================================
Received Prepare
Registering precompiled user dll's ...
Registered in 0.005017 seconds.
Begin MonoManager ReloadAssembly
Native extension for WindowsStandalone target not found
Refreshing native plugins compatible for Editor in 0.53 ms, found 3 plugins.
Preloading 0 native plugins for Editor in 0.00 ms.
Mono: successfully reloaded assembly
- Completed reload, in  1.237 seconds
Platform modules already initialized, skipping
Refreshing native plugins compatible for Editor in 0.80 ms, found 3 plugins.
Preloading 0 native plugins for Editor in 0.00 ms.
Unloading 1977 Unused Serialized files (Serialized files now loaded: 0)
System memory in use before: 90.4 MB.
System memory in use after: 90.5 MB.

Unloading 18 unused Assets to reduce memory usage. Loaded Objects now: 2436.
Total: 2.324700 ms (FindLiveObjects: 0.202900 ms CreateObjectMapping: 0.048100 ms MarkObjects: 2.008200 ms  DeleteObjects: 0.064100 ms)

AssetImportParameters requested are different than current active one (requested -> active):
  custom:framework-win-MediaFoundation: 216162199b28c13a410421893ffa2e32 -> 
  custom:video-decoder-ogg-theora: a1e56fd34408186e4bbccfd4996cb3dc -> 
  custom:container-muxer-webm: aa71ff27fc2769a1b78a27578f13a17b -> 
  custom:container-demuxer-webm: 4f35f7cbe854078d1ac9338744f61a02 -> 
  custom:container-demuxer-ogg: 62fdf1f143b41e24485cea50d1cbac27 -> 
  custom:video-encoder-webm-vp8: eb34c28f22e8b96e1ab97ce403110664 -> 
  custom:video-decoder-webm-vp8: 9c59270c3fd7afecdb556c50c9e8de78 -> 
  custom:audio-decoder-ogg-vorbis: bf7c407c2cedff20999df2af8eb42d56 -> 
  custom:audio-encoder-webm-vorbis: bf7c407c2cedff20999df2af8eb42d56 -> 
========================================================================
Received Import Request.
  Time since last request: 194.682042 seconds.
  path: Assets/00.MyAsset/01.Script/Test/Test.cs
  artifactKey: Guid(a464a67572a33a64ba79ca784004d9ee) Importer(815301076,1909f56bfc062723c751e8b465ee728b)
Start importing Assets/00.MyAsset/01.Script/Test/Test.cs using Guid(a464a67572a33a64ba79ca784004d9ee) Importer(815301076,1909f56bfc062723c751e8b465ee728b)  -> (artifact id: '9908993dfa44306da36e12f95d78aa27') in 0.009264 seconds 
  Import took 0.013709 seconds .

========================================================================
Received Import Request.
  Time since last request: 0.000990 seconds.
  path: Assets/00.MyAsset/01.Script/Test/Test.cs
  artifactKey: Guid(a464a67572a33a64ba79ca784004d9ee) Importer(815301076,1909f56bfc062723c751e8b465ee728b)
Start importing Assets/00.MyAsset/01.Script/Test/Test.cs using Guid(a464a67572a33a64ba79ca784004d9ee) Importer(815301076,1909f56bfc062723c751e8b465ee728b)  -> (artifact id: '9908993dfa44306da36e12f95d78aa27') in 0.001882 seconds 
  Import took 0.004967 seconds .

========================================================================
Received Prepare
Registering precompiled user dll's ...
Registered in 0.003553 seconds.
Begin MonoManager ReloadAssembly
Native extension for WindowsStandalone target not found
Refreshing native plugins compatible for Editor in 0.57 ms, found 3 plugins.
Preloading 0 native plugins for Editor in 0.00 ms.
Mono: successfully reloaded assembly
- Completed reload, in  1.141 seconds
Platform modules already initialized, skipping
Refreshing native plugins compatible for Editor in 0.53 ms, found 3 plugins.
Preloading 0 native plugins for Editor in 0.00 ms.
Unloading 1977 Unused Serialized files (Serialized files now loaded: 0)
System memory in use before: 90.4 MB.
System memory in use after: 90.5 MB.

Unloading 18 unused Assets to reduce memory usage. Loaded Objects now: 2440.
Total: 3.005800 ms (FindLiveObjects: 0.293000 ms CreateObjectMapping: 0.060500 ms MarkObjects: 2.556700 ms  DeleteObjects: 0.093000 ms)

AssetImportParameters requested are different than current active one (requested -> active):
  custom:framework-win-MediaFoundation: 216162199b28c13a410421893ffa2e32 -> 
  custom:video-decoder-ogg-theora: a1e56fd34408186e4bbccfd4996cb3dc -> 
  custom:container-muxer-webm: aa71ff27fc2769a1b78a27578f13a17b -> 
  custom:container-demuxer-webm: 4f35f7cbe854078d1ac9338744f61a02 -> 
  custom:container-demuxer-ogg: 62fdf1f143b41e24485cea50d1cbac27 -> 
  custom:video-encoder-webm-vp8: eb34c28f22e8b96e1ab97ce403110664 -> 
  custom:video-decoder-webm-vp8: 9c59270c3fd7afecdb556c50c9e8de78 -> 
  custom:audio-decoder-ogg-vorbis: bf7c407c2cedff20999df2af8eb42d56 -> 
  custom:audio-encoder-webm-vorbis: bf7c407c2cedff20999df2af8eb42d56 -> 
========================================================================
Received Import Request.
  Time since last request: 26.714229 seconds.
  path: Assets/00.MyAsset/01.Script/Test/Test.cs
  artifactKey: Guid(a464a67572a33a64ba79ca784004d9ee) Importer(815301076,1909f56bfc062723c751e8b465ee728b)
Start importing Assets/00.MyAsset/01.Script/Test/Test.cs using Guid(a464a67572a33a64ba79ca784004d9ee) Importer(815301076,1909f56bfc062723c751e8b465ee728b)  -> (artifact id: '5335ce8cd1d106768818c05bcb6887f8') in 0.005505 seconds 
  Import took 0.009113 seconds .

========================================================================
Received Import Request.
  Time since last request: 0.002411 seconds.
  path: Assets/00.MyAsset/01.Script/Test/Test.cs
  artifactKey: Guid(a464a67572a33a64ba79ca784004d9ee) Importer(815301076,1909f56bfc062723c751e8b465ee728b)
Start importing Assets/00.MyAsset/01.Script/Test/Test.cs using Guid(a464a67572a33a64ba79ca784004d9ee) Importer(815301076,1909f56bfc062723c751e8b465ee728b)  -> (artifact id: '5335ce8cd1d106768818c05bcb6887f8') in 0.001712 seconds 
  Import took 0.004825 seconds .

========================================================================
Received Import Request.
  Time since last request: 17.630488 seconds.
  path: Assets/00.MyAsset/03.Prefab/Particle
  artifactKey: Guid(a30fe59dc85c4dd4d9ae6848721c17d9) Importer(815301076,1909f56bfc062723c751e8b465ee728b)
Start importing Assets/00.MyAsset/03.Prefab/Particle using Guid(a30fe59dc85c4dd4d9ae6848721c17d9) Importer(815301076,1909f56bfc062723c751e8b465ee728b)  -> (artifact id: '189bdf1df3f4cd273aa37d28e06b4126') in 0.008621 seconds 
  Import took 0.012101 seconds .

========================================================================
Received Import Request.
  Time since last request: 0.001204 seconds.
  path: Assets/00.MyAsset/03.Prefab/Particle
  artifactKey: Guid(a30fe59dc85c4dd4d9ae6848721c17d9) Importer(815301076,1909f56bfc062723c751e8b465ee728b)
Start importing Assets/00.MyAsset/03.Prefab/Particle using Guid(a30fe59dc85c4dd4d9ae6848721c17d9) Importer(815301076,1909f56bfc062723c751e8b465ee728b)  -> (artifact id: '189bdf1df3f4cd273aa37d28e06b4126') in 0.001910 seconds 
  Import took 0.006084 seconds .

========================================================================
Received Prepare
Registering precompiled user dll's ...
Registered in 0.003727 seconds.
Begin MonoManager ReloadAssembly
Native extension for WindowsStandalone target not found
Refreshing native plugins compatible for Editor in 0.59 ms, found 3 plugins.
Preloading 0 native plugins for Editor in 0.00 ms.
Mono: successfully reloaded assembly
- Completed reload, in  1.231 seconds
Platform modules already initialized, skipping
Refreshing native plugins compatible for Editor in 0.58 ms, found 3 plugins.
Preloading 0 native plugins for Editor in 0.00 ms.
Unloading 1977 Unused Serialized files (Serialized files now loaded: 0)
System memory in use before: 90.5 MB.
System memory in use after: 90.5 MB.

Unloading 18 unused Assets to reduce memory usage. Loaded Objects now: 2444.
Total: 2.424400 ms (FindLiveObjects: 0.238200 ms CreateObjectMapping: 0.049800 ms MarkObjects: 2.070100 ms  DeleteObjects: 0.065200 ms)

AssetImportParameters requested are different than current active one (requested -> active):
  custom:framework-win-MediaFoundation: 216162199b28c13a410421893ffa2e32 -> 
  custom:video-decoder-ogg-theora: a1e56fd34408186e4bbccfd4996cb3dc -> 
  custom:container-muxer-webm: aa71ff27fc2769a1b78a27578f13a17b -> 
  custom:container-demuxer-webm: 4f35f7cbe854078d1ac9338744f61a02 -> 
  custom:container-demuxer-ogg: 62fdf1f143b41e24485cea50d1cbac27 -> 
  custom:video-encoder-webm-vp8: eb34c28f22e8b96e1ab97ce403110664 -> 
  custom:video-decoder-webm-vp8: 9c59270c3fd7afecdb556c50c9e8de78 -> 
  custom:audio-decoder-ogg-vorbis: bf7c407c2cedff20999df2af8eb42d56 -> 
  custom:audio-encoder-webm-vorbis: bf7c407c2cedff20999df2af8eb42d56 -> 
========================================================================
Received Prepare
Registering precompiled user dll's ...
Registered in 0.003483 seconds.
Begin MonoManager ReloadAssembly
Native extension for WindowsStandalone target not found
Refreshing native plugins compatible for Editor in 0.55 ms, found 3 plugins.
Preloading 0 native plugins for Editor in 0.00 ms.
Mono: successfully reloaded assembly
- Completed reload, in  1.119 seconds
Platform modules already initialized, skipping
Refreshing native plugins compatible for Editor in 0.55 ms, found 3 plugins.
Preloading 0 native plugins for Editor in 0.00 ms.
Unloading 1977 Unused Serialized files (Serialized files now loaded: 0)
System memory in use before: 90.5 MB.
System memory in use after: 90.6 MB.

Unloading 18 unused Assets to reduce memory usage. Loaded Objects now: 2448.
Total: 2.235000 ms (FindLiveObjects: 0.222900 ms CreateObjectMapping: 0.047200 ms MarkObjects: 1.907900 ms  DeleteObjects: 0.055400 ms)

AssetImportParameters requested are different than current active one (requested -> active):
  custom:framework-win-MediaFoundation: 216162199b28c13a410421893ffa2e32 -> 
  custom:video-decoder-ogg-theora: a1e56fd34408186e4bbccfd4996cb3dc -> 
  custom:container-muxer-webm: aa71ff27fc2769a1b78a27578f13a17b -> 
  custom:container-demuxer-webm: 4f35f7cbe854078d1ac9338744f61a02 -> 
  custom:container-demuxer-ogg: 62fdf1f143b41e24485cea50d1cbac27 -> 
  custom:video-encoder-webm-vp8: eb34c28f22e8b96e1ab97ce403110664 -> 
  custom:video-decoder-webm-vp8: 9c59270c3fd7afecdb556c50c9e8de78 -> 
  custom:audio-decoder-ogg-vorbis: bf7c407c2cedff20999df2af8eb42d56 -> 
  custom:audio-encoder-webm-vorbis: bf7c407c2cedff20999df2af8eb42d56 -> 
========================================================================
Received Import Request.
  Time since last request: 142.331247 seconds.
  path: Assets/00.MyAsset/05.Material/TextureMaterial/Ground.mat
  artifactKey: Guid(4d61632b9b984e445a9b12bf666adc35) Importer(815301076,1909f56bfc062723c751e8b465ee728b)
Start importing Assets/00.MyAsset/05.Material/TextureMaterial/Ground.mat using Guid(4d61632b9b984e445a9b12bf666adc35) Importer(815301076,1909f56bfc062723c751e8b465ee728b)  -> (artifact id: '4979dc633b40423a690923f6f912f853') in 0.123691 seconds 
  Import took 0.127484 seconds .

========================================================================
Received Prepare
Registering precompiled user dll's ...
Registered in 0.003604 seconds.
Begin MonoManager ReloadAssembly
Native extension for WindowsStandalone target not found
Refreshing native plugins compatible for Editor in 0.56 ms, found 3 plugins.
Preloading 0 native plugins for Editor in 0.00 ms.
Mono: successfully reloaded assembly
- Completed reload, in  1.092 seconds
Platform modules already initialized, skipping
Refreshing native plugins compatible for Editor in 0.51 ms, found 3 plugins.
Preloading 0 native plugins for Editor in 0.00 ms.
Unloading 1977 Unused Serialized files (Serialized files now loaded: 0)
System memory in use before: 93.8 MB.
System memory in use after: 93.9 MB.

Unloading 18 unused Assets to reduce memory usage. Loaded Objects now: 2492.
Total: 2.257300 ms (FindLiveObjects: 0.213500 ms CreateObjectMapping: 0.048600 ms MarkObjects: 1.935800 ms  DeleteObjects: 0.058000 ms)

AssetImportParameters requested are different than current active one (requested -> active):
  custom:framework-win-MediaFoundation: 216162199b28c13a410421893ffa2e32 -> 
  custom:video-decoder-ogg-theora: a1e56fd34408186e4bbccfd4996cb3dc -> 
  custom:container-muxer-webm: aa71ff27fc2769a1b78a27578f13a17b -> 
  custom:container-demuxer-webm: 4f35f7cbe854078d1ac9338744f61a02 -> 
  custom:container-demuxer-ogg: 62fdf1f143b41e24485cea50d1cbac27 -> 
  custom:video-encoder-webm-vp8: eb34c28f22e8b96e1ab97ce403110664 -> 
  custom:video-decoder-webm-vp8: 9c59270c3fd7afecdb556c50c9e8de78 -> 
  custom:audio-decoder-ogg-vorbis: bf7c407c2cedff20999df2af8eb42d56 -> 
  custom:audio-encoder-webm-vorbis: bf7c407c2cedff20999df2af8eb42d56 -> 
========================================================================
Received Prepare
Registering precompiled user dll's ...
Registered in 0.003943 seconds.
Begin MonoManager ReloadAssembly
Native extension for WindowsStandalone target not found
Refreshing native plugins compatible for Editor in 0.89 ms, found 3 plugins.
Preloading 0 native plugins for Editor in 0.00 ms.
Mono: successfully reloaded assembly
- Completed reload, in  1.101 seconds
Platform modules already initialized, skipping
Refreshing native plugins compatible for Editor in 0.70 ms, found 3 plugins.
Preloading 0 native plugins for Editor in 0.00 ms.
Unloading 1977 Unused Serialized files (Serialized files now loaded: 0)
System memory in use before: 93.8 MB.
System memory in use after: 93.9 MB.

Unloading 18 unused Assets to reduce memory usage. Loaded Objects now: 2496.
Total: 2.403500 ms (FindLiveObjects: 0.219200 ms CreateObjectMapping: 0.047000 ms MarkObjects: 2.065000 ms  DeleteObjects: 0.070900 ms)

AssetImportParameters requested are different than current active one (requested -> active):
  custom:framework-win-MediaFoundation: 216162199b28c13a410421893ffa2e32 -> 
  custom:video-decoder-ogg-theora: a1e56fd34408186e4bbccfd4996cb3dc -> 
  custom:container-muxer-webm: aa71ff27fc2769a1b78a27578f13a17b -> 
  custom:container-demuxer-webm: 4f35f7cbe854078d1ac9338744f61a02 -> 
  custom:container-demuxer-ogg: 62fdf1f143b41e24485cea50d1cbac27 -> 
  custom:video-encoder-webm-vp8: eb34c28f22e8b96e1ab97ce403110664 -> 
  custom:video-decoder-webm-vp8: 9c59270c3fd7afecdb556c50c9e8de78 -> 
  custom:audio-decoder-ogg-vorbis: bf7c407c2cedff20999df2af8eb42d56 -> 
  custom:audio-encoder-webm-vorbis: bf7c407c2cedff20999df2af8eb42d56 -> 
========================================================================
Received Prepare
Registering precompiled user dll's ...
Registered in 0.003508 seconds.
Begin MonoManager ReloadAssembly
Native extension for WindowsStandalone target not found
Refreshing native plugins compatible for Editor in 0.61 ms, found 3 plugins.
Preloading 0 native plugins for Editor in 0.00 ms.
Mono: successfully reloaded assembly
- Completed reload, in  1.085 seconds
Platform modules already initialized, skipping
Refreshing native plugins compatible for Editor in 0.52 ms, found 3 plugins.
Preloading 0 native plugins for Editor in 0.00 ms.
Unloading 1977 Unused Serialized files (Serialized files now loaded: 0)
System memory in use before: 93.8 MB.
System memory in use after: 93.9 MB.

Unloading 18 unused Assets to reduce memory usage. Loaded Objects now: 2500.
Total: 2.568600 ms (FindLiveObjects: 0.254700 ms CreateObjectMapping: 0.056100 ms MarkObjects: 2.197800 ms  DeleteObjects: 0.058700 ms)

AssetImportParameters requested are different than current active one (requested -> active):
  custom:framework-win-MediaFoundation: 216162199b28c13a410421893ffa2e32 -> 
  custom:video-decoder-ogg-theora: a1e56fd34408186e4bbccfd4996cb3dc -> 
  custom:container-muxer-webm: aa71ff27fc2769a1b78a27578f13a17b -> 
  custom:container-demuxer-webm: 4f35f7cbe854078d1ac9338744f61a02 -> 
  custom:container-demuxer-ogg: 62fdf1f143b41e24485cea50d1cbac27 -> 
  custom:video-encoder-webm-vp8: eb34c28f22e8b96e1ab97ce403110664 -> 
  custom:video-decoder-webm-vp8: 9c59270c3fd7afecdb556c50c9e8de78 -> 
  custom:audio-decoder-ogg-vorbis: bf7c407c2cedff20999df2af8eb42d56 -> 
  custom:audio-encoder-webm-vorbis: bf7c407c2cedff20999df2af8eb42d56 -> 
========================================================================
Received Prepare
Registering precompiled user dll's ...
Registered in 0.003496 seconds.
Begin MonoManager ReloadAssembly
Native extension for WindowsStandalone target not found
Refreshing native plugins compatible for Editor in 0.63 ms, found 3 plugins.
Preloading 0 native plugins for Editor in 0.00 ms.
Mono: successfully reloaded assembly
- Completed reload, in  1.095 seconds
Platform modules already initialized, skipping
Refreshing native plugins compatible for Editor in 0.52 ms, found 3 plugins.
Preloading 0 native plugins for Editor in 0.00 ms.
Unloading 1977 Unused Serialized files (Serialized files now loaded: 0)
System memory in use before: 93.8 MB.
System memory in use after: 93.9 MB.

Unloading 18 unused Assets to reduce memory usage. Loaded Objects now: 2504.
Total: 2.281900 ms (FindLiveObjects: 0.204900 ms CreateObjectMapping: 0.049300 ms MarkObjects: 1.971400 ms  DeleteObjects: 0.055400 ms)

AssetImportParameters requested are different than current active one (requested -> active):
  custom:framework-win-MediaFoundation: 216162199b28c13a410421893ffa2e32 -> 
  custom:video-decoder-ogg-theora: a1e56fd34408186e4bbccfd4996cb3dc -> 
  custom:container-muxer-webm: aa71ff27fc2769a1b78a27578f13a17b -> 
  custom:container-demuxer-webm: 4f35f7cbe854078d1ac9338744f61a02 -> 
  custom:container-demuxer-ogg: 62fdf1f143b41e24485cea50d1cbac27 -> 
  custom:video-encoder-webm-vp8: eb34c28f22e8b96e1ab97ce403110664 -> 
  custom:video-decoder-webm-vp8: 9c59270c3fd7afecdb556c50c9e8de78 -> 
  custom:audio-decoder-ogg-vorbis: bf7c407c2cedff20999df2af8eb42d56 -> 
  custom:audio-encoder-webm-vorbis: bf7c407c2cedff20999df2af8eb42d56 -> 
========================================================================
Received Prepare
Registering precompiled user dll's ...
Registered in 0.003612 seconds.
Begin MonoManager ReloadAssembly
Native extension for WindowsStandalone target not found
Refreshing native plugins compatible for Editor in 0.52 ms, found 3 plugins.
Preloading 0 native plugins for Editor in 0.00 ms.
Mono: successfully reloaded assembly
- Completed reload, in  1.057 seconds
Platform modules already initialized, skipping
Refreshing native plugins compatible for Editor in 0.60 ms, found 3 plugins.
Preloading 0 native plugins for Editor in 0.00 ms.
Unloading 1977 Unused Serialized files (Serialized files now loaded: 0)
System memory in use before: 93.8 MB.
System memory in use after: 93.9 MB.

Unloading 18 unused Assets to reduce memory usage. Loaded Objects now: 2508.
Total: 2.482100 ms (FindLiveObjects: 0.349000 ms CreateObjectMapping: 0.054400 ms MarkObjects: 2.021100 ms  DeleteObjects: 0.056700 ms)

AssetImportParameters requested are different than current active one (requested -> active):
  custom:framework-win-MediaFoundation: 216162199b28c13a410421893ffa2e32 -> 
  custom:video-decoder-ogg-theora: a1e56fd34408186e4bbccfd4996cb3dc -> 
  custom:container-muxer-webm: aa71ff27fc2769a1b78a27578f13a17b -> 
  custom:container-demuxer-webm: 4f35f7cbe854078d1ac9338744f61a02 -> 
  custom:container-demuxer-ogg: 62fdf1f143b41e24485cea50d1cbac27 -> 
  custom:video-encoder-webm-vp8: eb34c28f22e8b96e1ab97ce403110664 -> 
  custom:video-decoder-webm-vp8: 9c59270c3fd7afecdb556c50c9e8de78 -> 
  custom:audio-decoder-ogg-vorbis: bf7c407c2cedff20999df2af8eb42d56 -> 
  custom:audio-encoder-webm-vorbis: bf7c407c2cedff20999df2af8eb42d56 -> 
========================================================================
Received Prepare
Registering precompiled user dll's ...
Registered in 0.003803 seconds.
Begin MonoManager ReloadAssembly
Native extension for WindowsStandalone target not found
Refreshing native plugins compatible for Editor in 0.53 ms, found 3 plugins.
Preloading 0 native plugins for Editor in 0.00 ms.
Mono: successfully reloaded assembly
- Completed reload, in  1.096 seconds
Platform modules already initialized, skipping
Refreshing native plugins compatible for Editor in 0.53 ms, found 3 plugins.
Preloading 0 native plugins for Editor in 0.00 ms.
Unloading 1977 Unused Serialized files (Serialized files now loaded: 0)
System memory in use before: 93.8 MB.
System memory in use after: 93.9 MB.

Unloading 18 unused Assets to reduce memory usage. Loaded Objects now: 2512.
Total: 2.786500 ms (FindLiveObjects: 0.485400 ms CreateObjectMapping: 0.200200 ms MarkObjects: 2.039500 ms  DeleteObjects: 0.060100 ms)

AssetImportParameters requested are different than current active one (requested -> active):
  custom:framework-win-MediaFoundation: 216162199b28c13a410421893ffa2e32 -> 
  custom:video-decoder-ogg-theora: a1e56fd34408186e4bbccfd4996cb3dc -> 
  custom:container-muxer-webm: aa71ff27fc2769a1b78a27578f13a17b -> 
  custom:container-demuxer-webm: 4f35f7cbe854078d1ac9338744f61a02 -> 
  custom:container-demuxer-ogg: 62fdf1f143b41e24485cea50d1cbac27 -> 
  custom:video-encoder-webm-vp8: eb34c28f22e8b96e1ab97ce403110664 -> 
  custom:video-decoder-webm-vp8: 9c59270c3fd7afecdb556c50c9e8de78 -> 
  custom:audio-decoder-ogg-vorbis: bf7c407c2cedff20999df2af8eb42d56 -> 
  custom:audio-encoder-webm-vorbis: bf7c407c2cedff20999df2af8eb42d56 -> 
========================================================================
Received Prepare
Registering precompiled user dll's ...
Registered in 0.003863 seconds.
Begin MonoManager ReloadAssembly
Native extension for WindowsStandalone target not found
Refreshing native plugins compatible for Editor in 0.52 ms, found 3 plugins.
Preloading 0 native plugins for Editor in 0.00 ms.
Mono: successfully reloaded assembly
- Completed reload, in  1.076 seconds
Platform modules already initialized, skipping
Refreshing native plugins compatible for Editor in 0.56 ms, found 3 plugins.
Preloading 0 native plugins for Editor in 0.00 ms.
Unloading 1977 Unused Serialized files (Serialized files now loaded: 0)
System memory in use before: 93.8 MB.
System memory in use after: 93.9 MB.

Unloading 18 unused Assets to reduce memory usage. Loaded Objects now: 2516.
Total: 2.587200 ms (FindLiveObjects: 0.264400 ms CreateObjectMapping: 0.049000 ms MarkObjects: 2.204700 ms  DeleteObjects: 0.067700 ms)

AssetImportParameters requested are different than current active one (requested -> active):
  custom:framework-win-MediaFoundation: 216162199b28c13a410421893ffa2e32 -> 
  custom:video-decoder-ogg-theora: a1e56fd34408186e4bbccfd4996cb3dc -> 
  custom:container-muxer-webm: aa71ff27fc2769a1b78a27578f13a17b -> 
  custom:container-demuxer-webm: 4f35f7cbe854078d1ac9338744f61a02 -> 
  custom:container-demuxer-ogg: 62fdf1f143b41e24485cea50d1cbac27 -> 
  custom:video-encoder-webm-vp8: eb34c28f22e8b96e1ab97ce403110664 -> 
  custom:video-decoder-webm-vp8: 9c59270c3fd7afecdb556c50c9e8de78 -> 
  custom:audio-decoder-ogg-vorbis: bf7c407c2cedff20999df2af8eb42d56 -> 
  custom:audio-encoder-webm-vorbis: bf7c407c2cedff20999df2af8eb42d56 -> 
========================================================================
Received Import Request.
  Time since last request: 9506.874590 seconds.
  path: Assets/3D Assets
  artifactKey: Guid(9385651c66cb2cc478920ad5b28f1c5b) Importer(815301076,1909f56bfc062723c751e8b465ee728b)
Start importing Assets/3D Assets using Guid(9385651c66cb2cc478920ad5b28f1c5b) Importer(815301076,1909f56bfc062723c751e8b465ee728b)  -> (artifact id: '07f8dedd153c921799a040c46d22ad02') in 0.011390 seconds 
  Import took 0.025031 seconds .

========================================================================
Received Import Request.
  Time since last request: 1.001869 seconds.
  path: Assets/3D Assets/Stylized Fantasy Chest
  artifactKey: Guid(5f0b5f079ff60b343920db7fefec9978) Importer(815301076,1909f56bfc062723c751e8b465ee728b)
Start importing Assets/3D Assets/Stylized Fantasy Chest using Guid(5f0b5f079ff60b343920db7fefec9978) Importer(815301076,1909f56bfc062723c751e8b465ee728b)  -> (artifact id: '2a51c2fe6f77bb87d060941a4ff65b6a') in 0.008461 seconds 
  Import took 0.011620 seconds .

========================================================================
Received Import Request.
  Time since last request: 71.864829 seconds.
  path: Assets/Download/Stylized Fantasy Chest/Animation
  artifactKey: Guid(051255331806592459d49f8149f363e2) Importer(815301076,1909f56bfc062723c751e8b465ee728b)
Start importing Assets/Download/Stylized Fantasy Chest/Animation using Guid(051255331806592459d49f8149f363e2) Importer(815301076,1909f56bfc062723c751e8b465ee728b)  -> (artifact id: '2f29bffeb65ee24892867edd90d1a8fd') in 0.009197 seconds 
  Import took 0.030173 seconds .

========================================================================
Received Import Request.
  Time since last request: 0.830711 seconds.
  path: Assets/Download/Stylized Fantasy Chest/Animation/1_chest_top.controller
  artifactKey: Guid(45fcab6975f85714594dc7c1f6647b4c) Importer(815301076,1909f56bfc062723c751e8b465ee728b)
Start importing Assets/Download/Stylized Fantasy Chest/Animation/1_chest_top.controller using Guid(45fcab6975f85714594dc7c1f6647b4c) Importer(815301076,1909f56bfc062723c751e8b465ee728b)  -> (artifact id: '9ab74da9a458995980b0684fb94270fd') in 0.020993 seconds 
  Import took 0.024317 seconds .

========================================================================
Received Import Request.
  Time since last request: 2.550648 seconds.
  path: Assets/Download/Stylized Fantasy Chest/Example Scene.unity
  artifactKey: Guid(0a68c2132f2690e449c3a77d4105faac) Importer(815301076,1909f56bfc062723c751e8b465ee728b)
Start importing Assets/Download/Stylized Fantasy Chest/Example Scene.unity using Guid(0a68c2132f2690e449c3a77d4105faac) Importer(815301076,1909f56bfc062723c751e8b465ee728b)  -> (artifact id: '7ace9abe016a0a4149a618322bbde0be') in 0.010390 seconds 
  Import took 0.033053 seconds .

========================================================================
Received Import Request.
  Time since last request: 25.296879 seconds.
  path: Assets/Download/Stylized Fantasy Chest/Textures
  artifactKey: Guid(d5aa7be86d4b4ea42adb23489bb31d06) Importer(815301076,1909f56bfc062723c751e8b465ee728b)
Start importing Assets/Download/Stylized Fantasy Chest/Textures using Guid(d5aa7be86d4b4ea42adb23489bb31d06) Importer(815301076,1909f56bfc062723c751e8b465ee728b)  -> (artifact id: '9a9bd0c192cef98fff5b4ed5caa3bfea') in 0.008685 seconds 
  Import took 0.012137 seconds .

========================================================================
Received Prepare
Registering precompiled user dll's ...
Registered in 0.136211 seconds.
Begin MonoManager ReloadAssembly
Native extension for WindowsStandalone target not found
Refreshing native plugins compatible for Editor in 0.58 ms, found 3 plugins.
Preloading 0 native plugins for Editor in 0.00 ms.
Mono: successfully reloaded assembly
- Completed reload, in  1.138 seconds
Platform modules already initialized, skipping
Refreshing native plugins compatible for Editor in 0.59 ms, found 3 plugins.
Preloading 0 native plugins for Editor in 0.00 ms.
Unloading 1977 Unused Serialized files (Serialized files now loaded: 0)
System memory in use before: 93.9 MB.
System memory in use after: 93.9 MB.

Unloading 18 unused Assets to reduce memory usage. Loaded Objects now: 2520.
Total: 2.316800 ms (FindLiveObjects: 0.221900 ms CreateObjectMapping: 0.048500 ms MarkObjects: 1.976300 ms  DeleteObjects: 0.069000 ms)

AssetImportParameters requested are different than current active one (requested -> active):
  custom:framework-win-MediaFoundation: 216162199b28c13a410421893ffa2e32 -> 
  custom:video-decoder-ogg-theora: a1e56fd34408186e4bbccfd4996cb3dc -> 
  custom:container-muxer-webm: aa71ff27fc2769a1b78a27578f13a17b -> 
  custom:container-demuxer-webm: 4f35f7cbe854078d1ac9338744f61a02 -> 
  custom:container-demuxer-ogg: 62fdf1f143b41e24485cea50d1cbac27 -> 
  custom:video-encoder-webm-vp8: eb34c28f22e8b96e1ab97ce403110664 -> 
  custom:video-decoder-webm-vp8: 9c59270c3fd7afecdb556c50c9e8de78 -> 
  custom:audio-decoder-ogg-vorbis: bf7c407c2cedff20999df2af8eb42d56 -> 
  custom:audio-encoder-webm-vorbis: bf7c407c2cedff20999df2af8eb42d56 -> 
========================================================================
Received Import Request.
  Time since last request: 27.709893 seconds.
  path: Assets/00.MyAsset/06.Scene/ProjectScene
  artifactKey: Guid(48d5ad60486306f45a328b73595bc581) Importer(815301076,1909f56bfc062723c751e8b465ee728b)
Start importing Assets/00.MyAsset/06.Scene/ProjectScene using Guid(48d5ad60486306f45a328b73595bc581) Importer(815301076,1909f56bfc062723c751e8b465ee728b)  -> (artifact id: 'ee93f840962c3cf908569759b2464e54') in 0.015976 seconds 
  Import took 0.036833 seconds .

========================================================================
Received Import Request.
  Time since last request: 3.645688 seconds.
  path: Assets/3D Assets/Stylized Fantasy Chest
  artifactKey: Guid(60c8546dcbce13a409c39bad1aa336de) Importer(815301076,1909f56bfc062723c751e8b465ee728b)
Start importing Assets/3D Assets/Stylized Fantasy Chest using Guid(60c8546dcbce13a409c39bad1aa336de) Importer(815301076,1909f56bfc062723c751e8b465ee728b)  -> (artifact id: '2da0720ec88717aa96f09b7cb26356f9') in 0.001990 seconds 
  Import took 0.005428 seconds .

========================================================================
Received Import Request.
  Time since last request: 0.000500 seconds.
  path: Assets/3D Assets/Stylized Fantasy Chest
  artifactKey: Guid(60c8546dcbce13a409c39bad1aa336de) Importer(815301076,1909f56bfc062723c751e8b465ee728b)
Start importing Assets/3D Assets/Stylized Fantasy Chest using Guid(60c8546dcbce13a409c39bad1aa336de) Importer(815301076,1909f56bfc062723c751e8b465ee728b)  -> (artifact id: '2da0720ec88717aa96f09b7cb26356f9') in 0.001952 seconds 
  Import took 0.005008 seconds .

========================================================================
Received Import Request.
  Time since last request: 225.267698 seconds.
  path: Assets/Animated PBR Chest Demo
  artifactKey: Guid(7cadc0a3786f1274a81f8a9274c6cd41) Importer(815301076,1909f56bfc062723c751e8b465ee728b)
Start importing Assets/Animated PBR Chest Demo using Guid(7cadc0a3786f1274a81f8a9274c6cd41) Importer(815301076,1909f56bfc062723c751e8b465ee728b)  -> (artifact id: '7d8f1e0766519f1ad5d94a70e1e052ca') in 0.008563 seconds 
  Import took 0.011881 seconds .

========================================================================
Received Import Request.
  Time since last request: 2.919988 seconds.
  path: Assets/Animated PBR Chest Demo/Scenes/Animated PBR Chest Demo.unity
  artifactKey: Guid(e3b2ad27511392840b2aae0d2edc4e4e) Importer(815301076,1909f56bfc062723c751e8b465ee728b)
Start importing Assets/Animated PBR Chest Demo/Scenes/Animated PBR Chest Demo.unity using Guid(e3b2ad27511392840b2aae0d2edc4e4e) Importer(815301076,1909f56bfc062723c751e8b465ee728b)  -> (artifact id: 'd9890b0769b920bfa93c96562128b120') in 0.015967 seconds 
  Import took 0.019433 seconds .

========================================================================
Received Import Request.
  Time since last request: 16.582920 seconds.
  path: Assets/Animated PBR Chest Demo/Materials/Plane D.mat
  artifactKey: Guid(79d0ec8cd00afa248878c1db5463cf68) Importer(815301076,1909f56bfc062723c751e8b465ee728b)
Start importing Assets/Animated PBR Chest Demo/Materials/Plane D.mat using Guid(79d0ec8cd00afa248878c1db5463cf68) Importer(815301076,1909f56bfc062723c751e8b465ee728b)  -> (artifact id: '92223eee7fb735c52972a47f20b6ce17') in 0.059003 seconds 
  Import took 0.062202 seconds .

========================================================================
Received Import Request.
  Time since last request: 0.007832 seconds.
  path: Assets/Animated PBR Chest Demo/Materials/Plane D.mat
  artifactKey: Guid(79d0ec8cd00afa248878c1db5463cf68) Importer(815301076,1909f56bfc062723c751e8b465ee728b)
Start importing Assets/Animated PBR Chest Demo/Materials/Plane D.mat using Guid(79d0ec8cd00afa248878c1db5463cf68) Importer(815301076,1909f56bfc062723c751e8b465ee728b)  -> (artifact id: '92223eee7fb735c52972a47f20b6ce17') in 0.009267 seconds 
  Import took 0.012745 seconds .

========================================================================
Received Prepare
Registering precompiled user dll's ...
Registered in 0.003523 seconds.
Begin MonoManager ReloadAssembly
Native extension for WindowsStandalone target not found
Refreshing native plugins compatible for Editor in 0.54 ms, found 3 plugins.
Preloading 0 native plugins for Editor in 0.00 ms.
Mono: successfully reloaded assembly
- Completed reload, in  1.120 seconds
Platform modules already initialized, skipping
Refreshing native plugins compatible for Editor in 0.52 ms, found 3 plugins.
Preloading 0 native plugins for Editor in 0.00 ms.
Unloading 1977 Unused Serialized files (Serialized files now loaded: 0)
System memory in use before: 93.9 MB.
System memory in use after: 94.0 MB.

Unloading 18 unused Assets to reduce memory usage. Loaded Objects now: 2525.
Total: 2.849000 ms (FindLiveObjects: 0.278300 ms CreateObjectMapping: 0.054000 ms MarkObjects: 2.453600 ms  DeleteObjects: 0.061100 ms)

AssetImportParameters requested are different than current active one (requested -> active):
  custom:framework-win-MediaFoundation: 216162199b28c13a410421893ffa2e32 -> 
  custom:video-decoder-ogg-theora: a1e56fd34408186e4bbccfd4996cb3dc -> 
  custom:container-muxer-webm: aa71ff27fc2769a1b78a27578f13a17b -> 
  custom:container-demuxer-webm: 4f35f7cbe854078d1ac9338744f61a02 -> 
  custom:container-demuxer-ogg: 62fdf1f143b41e24485cea50d1cbac27 -> 
  custom:video-encoder-webm-vp8: eb34c28f22e8b96e1ab97ce403110664 -> 
  custom:video-decoder-webm-vp8: 9c59270c3fd7afecdb556c50c9e8de78 -> 
  custom:audio-decoder-ogg-vorbis: bf7c407c2cedff20999df2af8eb42d56 -> 
  custom:audio-encoder-webm-vorbis: bf7c407c2cedff20999df2af8eb42d56 -> 
========================================================================
Received Import Request.
  Time since last request: 24.503850 seconds.
  path: Assets/Animated PBR Chest Demo/Materials/WoodChest.mat
  artifactKey: Guid(0e771690fad43914fb256fd021ff1796) Importer(815301076,1909f56bfc062723c751e8b465ee728b)
Start importing Assets/Animated PBR Chest Demo/Materials/WoodChest.mat using Guid(0e771690fad43914fb256fd021ff1796) Importer(815301076,1909f56bfc062723c751e8b465ee728b)  -> (artifact id: '1e1889e554bb43aa92718a4d0d3100a5') in 0.224647 seconds 
  Import took 0.230574 seconds .

========================================================================
Received Import Request.
  Time since last request: 2.353822 seconds.
  path: Assets/Animated PBR Chest Demo/Materials/LightOrb_D.mat
  artifactKey: Guid(ae69374216587374197d44a64a40c58b) Importer(815301076,1909f56bfc062723c751e8b465ee728b)
Start importing Assets/Animated PBR Chest Demo/Materials/LightOrb_D.mat using Guid(ae69374216587374197d44a64a40c58b) Importer(815301076,1909f56bfc062723c751e8b465ee728b)  -> (artifact id: 'be81f7e9f2abb6fc931be8d8274f9723') in 0.016747 seconds 
  Import took 0.020817 seconds .

========================================================================
Received Import Request.
  Time since last request: 0.005823 seconds.
  path: Assets/Animated PBR Chest Demo/Materials/LightOrb_D.mat
  artifactKey: Guid(ae69374216587374197d44a64a40c58b) Importer(815301076,1909f56bfc062723c751e8b465ee728b)
Start importing Assets/Animated PBR Chest Demo/Materials/LightOrb_D.mat using Guid(ae69374216587374197d44a64a40c58b) Importer(815301076,1909f56bfc062723c751e8b465ee728b)  -> (artifact id: 'be81f7e9f2abb6fc931be8d8274f9723') in 0.006815 seconds 
  Import took 0.010539 seconds .

========================================================================
Received Import Request.
  Time since last request: 2.349989 seconds.
  path: Assets/Animated PBR Chest Demo/Materials/Light_D.mat
  artifactKey: Guid(5df1798577322a84bb63bf687f1e8590) Importer(815301076,1909f56bfc062723c751e8b465ee728b)
Start importing Assets/Animated PBR Chest Demo/Materials/Light_D.mat using Guid(5df1798577322a84bb63bf687f1e8590) Importer(815301076,1909f56bfc062723c751e8b465ee728b)  -> (artifact id: '6ddefbbea9dcc20dd92e9616789d7afe') in 0.013831 seconds 
  Import took 0.017152 seconds .

========================================================================
Received Import Request.
  Time since last request: 0.008016 seconds.
  path: Assets/Animated PBR Chest Demo/Materials/Light_D.mat
  artifactKey: Guid(5df1798577322a84bb63bf687f1e8590) Importer(815301076,1909f56bfc062723c751e8b465ee728b)
Start importing Assets/Animated PBR Chest Demo/Materials/Light_D.mat using Guid(5df1798577322a84bb63bf687f1e8590) Importer(815301076,1909f56bfc062723c751e8b465ee728b)  -> (artifact id: '6ddefbbea9dcc20dd92e9616789d7afe') in 0.010016 seconds 
  Import took 0.014491 seconds .

========================================================================
Received Import Request.
  Time since last request: 116.238604 seconds.
  path: Assets/Animated PBR Chest Demo/Fbx
  artifactKey: Guid(a773ebaa72c221e45b0a4915f025a310) Importer(815301076,1909f56bfc062723c751e8b465ee728b)
Start importing Assets/Animated PBR Chest Demo/Fbx using Guid(a773ebaa72c221e45b0a4915f025a310) Importer(815301076,1909f56bfc062723c751e8b465ee728b)  -> (artifact id: 'd1207b0102f1b50443a951fe2e31aea4') in 0.010181 seconds 
  Import took 0.013502 seconds .

========================================================================
Received Import Request.
  Time since last request: 1.441080 seconds.
  path: Assets/Animated PBR Chest Demo/Animation/Animated PBR Chest _Demo.controller
  artifactKey: Guid(1a6aac9e874e17646831952da99205e3) Importer(815301076,1909f56bfc062723c751e8b465ee728b)
Start importing Assets/Animated PBR Chest Demo/Animation/Animated PBR Chest _Demo.controller using Guid(1a6aac9e874e17646831952da99205e3) Importer(815301076,1909f56bfc062723c751e8b465ee728b)  -> (artifact id: 'd0168939336030e8861561ff88bd804a') in 0.030331 seconds 
  Import took 0.033962 seconds .

========================================================================
Received Import Request.
  Time since last request: 0.752684 seconds.
  path: Assets/Animated PBR Chest Demo/Animation/CameraCentr_D.controller
  artifactKey: Guid(e65f024178cbe824da57e315c486d8dd) Importer(815301076,1909f56bfc062723c751e8b465ee728b)
Start importing Assets/Animated PBR Chest Demo/Animation/CameraCentr_D.controller using Guid(e65f024178cbe824da57e315c486d8dd) Importer(815301076,1909f56bfc062723c751e8b465ee728b)  -> (artifact id: 'd03cd8a04b5c3d795367e5a8619f439e') in 0.009137 seconds 
  Import took 0.012360 seconds .

========================================================================
Received Import Request.
  Time since last request: 0.440713 seconds.
  path: Assets/Animated PBR Chest Demo/Animation/CameraRotation_D.anim
  artifactKey: Guid(2f0d07a4e52536344a2a93bb123d1505) Importer(815301076,1909f56bfc062723c751e8b465ee728b)
Start importing Assets/Animated PBR Chest Demo/Animation/CameraRotation_D.anim using Guid(2f0d07a4e52536344a2a93bb123d1505) Importer(815301076,1909f56bfc062723c751e8b465ee728b)  -> (artifact id: 'a736da5d22f8a12e08e58e423b356f4e') in 0.011330 seconds 
  Import took 0.033468 seconds .

========================================================================
Received Import Request.
  Time since last request: 0.405558 seconds.
  path: Assets/Animated PBR Chest Demo/Animation/Animated PBR Chest _Start.anim
  artifactKey: Guid(d6da3095e76907b4fad794b2124f16f6) Importer(815301076,1909f56bfc062723c751e8b465ee728b)
Start importing Assets/Animated PBR Chest Demo/Animation/Animated PBR Chest _Start.anim using Guid(d6da3095e76907b4fad794b2124f16f6) Importer(815301076,1909f56bfc062723c751e8b465ee728b)  -> (artifact id: '2d73866baf78a7ea841339e5959388aa') in 0.014600 seconds 
  Import took 0.017826 seconds .

========================================================================
Received Import Request.
  Time since last request: 0.729482 seconds.
  path: Assets/Animated PBR Chest Demo/Animation/Animated PBR Chest _Press.anim
  artifactKey: Guid(198678b557df4174d8e3b7f79aa73416) Importer(815301076,1909f56bfc062723c751e8b465ee728b)
Start importing Assets/Animated PBR Chest Demo/Animation/Animated PBR Chest _Press.anim using Guid(198678b557df4174d8e3b7f79aa73416) Importer(815301076,1909f56bfc062723c751e8b465ee728b)  -> (artifact id: '11c7cc8abaf0088da41f7a10ed918403') in 0.012024 seconds 
  Import took 0.015377 seconds .

========================================================================
Received Import Request.
  Time since last request: 7.718030 seconds.
  path: Assets/Animated PBR Chest Demo/Animation/Animated PBR Chest _Idle.anim
  artifactKey: Guid(4b79401f9dd792243ac1fc7942d1d6e9) Importer(815301076,1909f56bfc062723c751e8b465ee728b)
Start importing Assets/Animated PBR Chest Demo/Animation/Animated PBR Chest _Idle.anim using Guid(4b79401f9dd792243ac1fc7942d1d6e9) Importer(815301076,1909f56bfc062723c751e8b465ee728b)  -> (artifact id: '27d373f10228aa547e0707016a0f26f5') in 0.014591 seconds 
  Import took 0.017909 seconds .

========================================================================
Received Import Request.
  Time since last request: 0.838154 seconds.
  path: Assets/Animated PBR Chest Demo/Animation/Animated PBR Chest _Opening_UnCommon.anim
  artifactKey: Guid(8f3deadb9f093dd4492346a5bb00c623) Importer(815301076,1909f56bfc062723c751e8b465ee728b)
Start importing Assets/Animated PBR Chest Demo/Animation/Animated PBR Chest _Opening_UnCommon.anim using Guid(8f3deadb9f093dd4492346a5bb00c623) Importer(815301076,1909f56bfc062723c751e8b465ee728b)  -> (artifact id: 'ca9a40c7c68a4eab26c259a95736b721') in 0.015348 seconds 
  Import took 0.018607 seconds .

========================================================================
Received Import Request.
  Time since last request: 1.341907 seconds.
  path: Assets/Animated PBR Chest Demo/Fbx/Animated PBR Chest _Wood_Demo.fbx
  artifactKey: Guid(1cc6cc20abc7a464a9dec49ee02361cf) Importer(815301076,1909f56bfc062723c751e8b465ee728b)
Start importing Assets/Animated PBR Chest Demo/Fbx/Animated PBR Chest _Wood_Demo.fbx using Guid(1cc6cc20abc7a464a9dec49ee02361cf) Importer(815301076,1909f56bfc062723c751e8b465ee728b)  -> (artifact id: '3001debd728b311e43fb75376a410938') in 0.112153 seconds 
  Import took 0.117354 seconds .

========================================================================
Received Prepare
Registering precompiled user dll's ...
Registered in 0.003612 seconds.
Begin MonoManager ReloadAssembly
Native extension for WindowsStandalone target not found
Refreshing native plugins compatible for Editor in 0.57 ms, found 3 plugins.
Preloading 0 native plugins for Editor in 0.00 ms.
Mono: successfully reloaded assembly
- Completed reload, in  1.152 seconds
Platform modules already initialized, skipping
Refreshing native plugins compatible for Editor in 0.54 ms, found 3 plugins.
Preloading 0 native plugins for Editor in 0.00 ms.
Unloading 1977 Unused Serialized files (Serialized files now loaded: 0)
System memory in use before: 107.6 MB.
System memory in use after: 107.7 MB.

Unloading 18 unused Assets to reduce memory usage. Loaded Objects now: 2534.
Total: 2.418300 ms (FindLiveObjects: 0.232300 ms CreateObjectMapping: 0.048700 ms MarkObjects: 2.054200 ms  DeleteObjects: 0.081900 ms)

AssetImportParameters requested are different than current active one (requested -> active):
  custom:framework-win-MediaFoundation: 216162199b28c13a410421893ffa2e32 -> 
  custom:video-decoder-ogg-theora: a1e56fd34408186e4bbccfd4996cb3dc -> 
  custom:container-muxer-webm: aa71ff27fc2769a1b78a27578f13a17b -> 
  custom:container-demuxer-webm: 4f35f7cbe854078d1ac9338744f61a02 -> 
  custom:container-demuxer-ogg: 62fdf1f143b41e24485cea50d1cbac27 -> 
  custom:video-encoder-webm-vp8: eb34c28f22e8b96e1ab97ce403110664 -> 
  custom:video-decoder-webm-vp8: 9c59270c3fd7afecdb556c50c9e8de78 -> 
  custom:audio-decoder-ogg-vorbis: bf7c407c2cedff20999df2af8eb42d56 -> 
  custom:audio-encoder-webm-vorbis: bf7c407c2cedff20999df2af8eb42d56 -> 
========================================================================
Received Import Request.
  Time since last request: 728.897962 seconds.
  path: Assets/Animated Fantasy Polygon Chest
  artifactKey: Guid(a7eeea9f171bbb04682b3aeb8ae71013) Importer(815301076,1909f56bfc062723c751e8b465ee728b)
Start importing Assets/Animated Fantasy Polygon Chest using Guid(a7eeea9f171bbb04682b3aeb8ae71013) Importer(815301076,1909f56bfc062723c751e8b465ee728b)  -> (artifact id: 'cef183924e6e083affa4cbe0cf418641') in 0.010876 seconds 
  Import took 0.014732 seconds .

========================================================================
Received Import Request.
  Time since last request: 5.212531 seconds.
  path: Assets/Animated Fantasy Polygon Chest/Scenes/Fantasy Polygon Chest.unity
  artifactKey: Guid(c926c7272bc4dc845b54b3832c070043) Importer(815301076,1909f56bfc062723c751e8b465ee728b)
Start importing Assets/Animated Fantasy Polygon Chest/Scenes/Fantasy Polygon Chest.unity using Guid(c926c7272bc4dc845b54b3832c070043) Importer(815301076,1909f56bfc062723c751e8b465ee728b)  -> (artifact id: 'a54199dd72c51dbc8b2750b321edba15') in 0.015427 seconds 
  Import took 0.038629 seconds .

========================================================================
Received Import Request.
  Time since last request: 29.149600 seconds.
  path: Assets/Animated Fantasy Polygon Chest/Animation/Fantasy_Polygon_Chest_Animation_Controller.controller
  artifactKey: Guid(529b61144c97e3e4f92f4a56a5defdc5) Importer(815301076,1909f56bfc062723c751e8b465ee728b)
Start importing Assets/Animated Fantasy Polygon Chest/Animation/Fantasy_Polygon_Chest_Animation_Controller.controller using Guid(529b61144c97e3e4f92f4a56a5defdc5) Importer(815301076,1909f56bfc062723c751e8b465ee728b)  -> (artifact id: 'dc6f3e0fd9c09adde18fae4b53ef0771') in 0.012233 seconds 
  Import took 0.026812 seconds .

========================================================================
Received Import Request.
  Time since last request: 4.069412 seconds.
  path: Assets/Animated Fantasy Polygon Chest/Animation/Fantasy_Polygon_Chest_Animation.anim
  artifactKey: Guid(7b68767cecfb7104199018a634e7b73e) Importer(815301076,1909f56bfc062723c751e8b465ee728b)
Start importing Assets/Animated Fantasy Polygon Chest/Animation/Fantasy_Polygon_Chest_Animation.anim using Guid(7b68767cecfb7104199018a634e7b73e) Importer(815301076,1909f56bfc062723c751e8b465ee728b)  -> (artifact id: '7777b5164a484b432bc95296bfe53644') in 0.011034 seconds 
  Import took 0.019339 seconds .

========================================================================
Received Import Request.
  Time since last request: 0.002004 seconds.
  path: Assets/Animated Fantasy Polygon Chest/Animation/Fantasy_Polygon_Chest_Animation.anim
  artifactKey: Guid(7b68767cecfb7104199018a634e7b73e) Importer(815301076,1909f56bfc062723c751e8b465ee728b)
Start importing Assets/Animated Fantasy Polygon Chest/Animation/Fantasy_Polygon_Chest_Animation.anim using Guid(7b68767cecfb7104199018a634e7b73e) Importer(815301076,1909f56bfc062723c751e8b465ee728b)  -> (artifact id: '7777b5164a484b432bc95296bfe53644') in 0.004154 seconds 
  Import took 0.007065 seconds .

========================================================================
Received Import Request.
  Time since last request: 4.111616 seconds.
  path: Assets/Animated Fantasy Polygon Chest/Prefab
  artifactKey: Guid(18b7d6771a446984da28112e1d48a4f1) Importer(815301076,1909f56bfc062723c751e8b465ee728b)
Start importing Assets/Animated Fantasy Polygon Chest/Prefab using Guid(18b7d6771a446984da28112e1d48a4f1) Importer(815301076,1909f56bfc062723c751e8b465ee728b)  -> (artifact id: '848d0fa223ca4c0ae81ae23e521f11d0') in 0.010455 seconds 
  Import took 0.022396 seconds .

========================================================================
Received Prepare
Registering precompiled user dll's ...
Registered in 0.003966 seconds.
Begin MonoManager ReloadAssembly
Native extension for WindowsStandalone target not found
Refreshing native plugins compatible for Editor in 0.55 ms, found 3 plugins.
Preloading 0 native plugins for Editor in 0.00 ms.
Mono: successfully reloaded assembly
- Completed reload, in  1.102 seconds
Platform modules already initialized, skipping
Refreshing native plugins compatible for Editor in 0.54 ms, found 3 plugins.
Preloading 0 native plugins for Editor in 0.00 ms.
Unloading 1977 Unused Serialized files (Serialized files now loaded: 0)
System memory in use before: 107.6 MB.
System memory in use after: 107.7 MB.

Unloading 18 unused Assets to reduce memory usage. Loaded Objects now: 2538.
Total: 2.551000 ms (FindLiveObjects: 0.230900 ms CreateObjectMapping: 0.051200 ms MarkObjects: 2.200900 ms  DeleteObjects: 0.066800 ms)

AssetImportParameters requested are different than current active one (requested -> active):
  custom:framework-win-MediaFoundation: 216162199b28c13a410421893ffa2e32 -> 
  custom:video-decoder-ogg-theora: a1e56fd34408186e4bbccfd4996cb3dc -> 
  custom:container-muxer-webm: aa71ff27fc2769a1b78a27578f13a17b -> 
  custom:container-demuxer-webm: 4f35f7cbe854078d1ac9338744f61a02 -> 
  custom:container-demuxer-ogg: 62fdf1f143b41e24485cea50d1cbac27 -> 
  custom:video-encoder-webm-vp8: eb34c28f22e8b96e1ab97ce403110664 -> 
  custom:video-decoder-webm-vp8: 9c59270c3fd7afecdb556c50c9e8de78 -> 
  custom:audio-decoder-ogg-vorbis: bf7c407c2cedff20999df2af8eb42d56 -> 
  custom:audio-encoder-webm-vorbis: bf7c407c2cedff20999df2af8eb42d56 -> 
========================================================================
Received Import Request.
  Time since last request: 90.769808 seconds.
  path: Assets/Animated Fantasy Polygon Chest/Animation
  artifactKey: Guid(23a83a1da3d001e4d87f6b7e0f33bb6d) Importer(815301076,1909f56bfc062723c751e8b465ee728b)
Start importing Assets/Animated Fantasy Polygon Chest/Animation using Guid(23a83a1da3d001e4d87f6b7e0f33bb6d) Importer(815301076,1909f56bfc062723c751e8b465ee728b)  -> (artifact id: 'c654607b142a17d11db0858536bdfd5a') in 0.005128 seconds 
  Import took 0.008805 seconds .

========================================================================
Received Prepare
Registering precompiled user dll's ...
Registered in 0.003442 seconds.
Begin MonoManager ReloadAssembly
Native extension for WindowsStandalone target not found
Refreshing native plugins compatible for Editor in 0.52 ms, found 3 plugins.
Preloading 0 native plugins for Editor in 0.00 ms.
Mono: successfully reloaded assembly
- Completed reload, in  1.044 seconds
Platform modules already initialized, skipping
Refreshing native plugins compatible for Editor in 0.52 ms, found 3 plugins.
Preloading 0 native plugins for Editor in 0.00 ms.
Unloading 1977 Unused Serialized files (Serialized files now loaded: 0)
System memory in use before: 107.7 MB.
System memory in use after: 107.8 MB.

Unloading 18 unused Assets to reduce memory usage. Loaded Objects now: 2542.
Total: 2.581200 ms (FindLiveObjects: 0.222700 ms CreateObjectMapping: 0.048600 ms MarkObjects: 2.250700 ms  DeleteObjects: 0.057600 ms)

AssetImportParameters requested are different than current active one (requested -> active):
  custom:framework-win-MediaFoundation: 216162199b28c13a410421893ffa2e32 -> 
  custom:video-decoder-ogg-theora: a1e56fd34408186e4bbccfd4996cb3dc -> 
  custom:container-muxer-webm: aa71ff27fc2769a1b78a27578f13a17b -> 
  custom:container-demuxer-webm: 4f35f7cbe854078d1ac9338744f61a02 -> 
  custom:container-demuxer-ogg: 62fdf1f143b41e24485cea50d1cbac27 -> 
  custom:video-encoder-webm-vp8: eb34c28f22e8b96e1ab97ce403110664 -> 
  custom:video-decoder-webm-vp8: 9c59270c3fd7afecdb556c50c9e8de78 -> 
  custom:audio-decoder-ogg-vorbis: bf7c407c2cedff20999df2af8eb42d56 -> 
  custom:audio-encoder-webm-vorbis: bf7c407c2cedff20999df2af8eb42d56 -> 
========================================================================
Received Import Request.
  Time since last request: 60.295930 seconds.
  path: Assets/Download/Polygonal Metalon/Demo Assets
  artifactKey: Guid(1faa190315021254494cbb457dc847ed) Importer(815301076,1909f56bfc062723c751e8b465ee728b)
Start importing Assets/Download/Polygonal Metalon/Demo Assets using Guid(1faa190315021254494cbb457dc847ed) Importer(815301076,1909f56bfc062723c751e8b465ee728b)  -> (artifact id: '09d8be7def16785256b9917ed14b554c') in 0.009493 seconds 
  Import took 0.036103 seconds .

========================================================================
Received Import Request.
  Time since last request: 9.667426 seconds.
  path: Assets/Animated Fantasy Polygon Chest/Post-processing
  artifactKey: Guid(ea31e98748cadfc4487b056337ef2973) Importer(815301076,1909f56bfc062723c751e8b465ee728b)
Start importing Assets/Animated Fantasy Polygon Chest/Post-processing using Guid(ea31e98748cadfc4487b056337ef2973) Importer(815301076,1909f56bfc062723c751e8b465ee728b)  -> (artifact id: '15af683baffd4295930ad4f424293bb9') in 0.008567 seconds 
  Import took 0.011765 seconds .

========================================================================
Received Import Request.
  Time since last request: 48.876031 seconds.
  path: Assets/Download/Animated Fantasy Polygon Chest/Animation/Fantasy_Polygon_Chest_Animation_Controller.controller
  artifactKey: Guid(529b61144c97e3e4f92f4a56a5defdc5) Importer(815301076,1909f56bfc062723c751e8b465ee728b)
Start importing Assets/Download/Animated Fantasy Polygon Chest/Animation/Fantasy_Polygon_Chest_Animation_Controller.controller using Guid(529b61144c97e3e4f92f4a56a5defdc5) Importer(815301076,1909f56bfc062723c751e8b465ee728b)  -> (artifact id: 'a7c3932739a3ba084dea8ad0fdb9e45a') in 0.014458 seconds 
  Import took 0.026407 seconds .

========================================================================
Received Import Request.
  Time since last request: 0.303119 seconds.
  path: Assets/Download/Animated Fantasy Polygon Chest/Animation/Fantasy_Polygon_Chest_Animation.anim
  artifactKey: Guid(7b68767cecfb7104199018a634e7b73e) Importer(815301076,1909f56bfc062723c751e8b465ee728b)
Start importing Assets/Download/Animated Fantasy Polygon Chest/Animation/Fantasy_Polygon_Chest_Animation.anim using Guid(7b68767cecfb7104199018a634e7b73e) Importer(815301076,1909f56bfc062723c751e8b465ee728b)  -> (artifact id: '84bb638954a04e59b13e5e7a900c6bdd') in 0.007382 seconds 
  Import took 0.010696 seconds .

========================================================================
Received Import Request.
  Time since last request: 0.000501 seconds.
  path: Assets/Download/Animated Fantasy Polygon Chest/Animation/Fantasy_Polygon_Chest_Animation.anim
  artifactKey: Guid(7b68767cecfb7104199018a634e7b73e) Importer(815301076,1909f56bfc062723c751e8b465ee728b)
Start importing Assets/Download/Animated Fantasy Polygon Chest/Animation/Fantasy_Polygon_Chest_Animation.anim using Guid(7b68767cecfb7104199018a634e7b73e) Importer(815301076,1909f56bfc062723c751e8b465ee728b)  -> (artifact id: '84bb638954a04e59b13e5e7a900c6bdd') in 0.006902 seconds 
  Import took 0.010004 seconds .

========================================================================
Received Import Request.
  Time since last request: 1.236466 seconds.
  path: Assets/Download/Animated Fantasy Polygon Chest/Animation/Fantasy_Polygon_Chest_Animation 1.anim
  artifactKey: Guid(9e4447abe0a2e4f44bda336686d78612) Importer(815301076,1909f56bfc062723c751e8b465ee728b)
Start importing Assets/Download/Animated Fantasy Polygon Chest/Animation/Fantasy_Polygon_Chest_Animation 1.anim using Guid(9e4447abe0a2e4f44bda336686d78612) Importer(815301076,1909f56bfc062723c751e8b465ee728b)  -> (artifact id: '3cc3f1595d090117fab94ffec4459364') in 0.013505 seconds 
  Import took 0.016853 seconds .

========================================================================
Received Import Request.
  Time since last request: 0.002202 seconds.
  path: Assets/Download/Animated Fantasy Polygon Chest/Animation/Fantasy_Polygon_Chest_Animation 1.anim
  artifactKey: Guid(9e4447abe0a2e4f44bda336686d78612) Importer(815301076,1909f56bfc062723c751e8b465ee728b)
Start importing Assets/Download/Animated Fantasy Polygon Chest/Animation/Fantasy_Polygon_Chest_Animation 1.anim using Guid(9e4447abe0a2e4f44bda336686d78612) Importer(815301076,1909f56bfc062723c751e8b465ee728b)  -> (artifact id: '3cc3f1595d090117fab94ffec4459364') in 0.006837 seconds 
  Import took 0.010234 seconds .

========================================================================
Received Import Request.
  Time since last request: 5.475531 seconds.
  path: Assets/Download/Animated Fantasy Polygon Chest/Animation/Fantasy_Polygon_Chest_Idle.anim
  artifactKey: Guid(9e4447abe0a2e4f44bda336686d78612) Importer(815301076,1909f56bfc062723c751e8b465ee728b)
Start importing Assets/Download/Animated Fantasy Polygon Chest/Animation/Fantasy_Polygon_Chest_Idle.anim using Guid(9e4447abe0a2e4f44bda336686d78612) Importer(815301076,1909f56bfc062723c751e8b465ee728b)  -> (artifact id: '9a999447992217a4d15df8a2f8678e1d') in 0.014230 seconds 
  Import took 0.017549 seconds .

========================================================================
Received Import Request.
  Time since last request: 4.958680 seconds.
  path: Assets/Download/Animated Fantasy Polygon Chest/Animation/Fantasy_Polygon_Chest_Open.anim
  artifactKey: Guid(7b68767cecfb7104199018a634e7b73e) Importer(815301076,1909f56bfc062723c751e8b465ee728b)
Start importing Assets/Download/Animated Fantasy Polygon Chest/Animation/Fantasy_Polygon_Chest_Open.anim using Guid(7b68767cecfb7104199018a634e7b73e) Importer(815301076,1909f56bfc062723c751e8b465ee728b)  -> (artifact id: 'b867e8fbb2b7211035de7d3b19081fee') in 0.013640 seconds 
  Import took 0.039553 seconds .

========================================================================
Received Import Request.
  Time since last request: 45.626472 seconds.
  path: Assets/Download/Animated Fantasy Polygon Chest/Animation/Fantasy_Polygon_Chest_Animation_Controller.controller
  artifactKey: Guid(529b61144c97e3e4f92f4a56a5defdc5) Importer(815301076,1909f56bfc062723c751e8b465ee728b)
Start importing Assets/Download/Animated Fantasy Polygon Chest/Animation/Fantasy_Polygon_Chest_Animation_Controller.controller using Guid(529b61144c97e3e4f92f4a56a5defdc5) Importer(815301076,1909f56bfc062723c751e8b465ee728b)  -> (artifact id: '9d72a0223c81a41f3f955d2382d9622e') in 0.007474 seconds 
  Import took 0.010802 seconds .

========================================================================
Received Prepare
Registering precompiled user dll's ...
Registered in 0.003572 seconds.
Begin MonoManager ReloadAssembly
Native extension for WindowsStandalone target not found
Refreshing native plugins compatible for Editor in 0.54 ms, found 3 plugins.
Preloading 0 native plugins for Editor in 0.00 ms.
Mono: successfully reloaded assembly
- Completed reload, in  1.103 seconds
Platform modules already initialized, skipping
Refreshing native plugins compatible for Editor in 0.55 ms, found 3 plugins.
Preloading 0 native plugins for Editor in 0.00 ms.
Unloading 1977 Unused Serialized files (Serialized files now loaded: 0)
System memory in use before: 107.7 MB.
System memory in use after: 107.8 MB.

Unloading 18 unused Assets to reduce memory usage. Loaded Objects now: 2546.
Total: 2.791000 ms (FindLiveObjects: 0.246100 ms CreateObjectMapping: 0.050500 ms MarkObjects: 2.433800 ms  DeleteObjects: 0.059200 ms)

AssetImportParameters requested are different than current active one (requested -> active):
  custom:framework-win-MediaFoundation: 216162199b28c13a410421893ffa2e32 -> 
  custom:video-decoder-ogg-theora: a1e56fd34408186e4bbccfd4996cb3dc -> 
  custom:container-muxer-webm: aa71ff27fc2769a1b78a27578f13a17b -> 
  custom:container-demuxer-webm: 4f35f7cbe854078d1ac9338744f61a02 -> 
  custom:container-demuxer-ogg: 62fdf1f143b41e24485cea50d1cbac27 -> 
  custom:video-encoder-webm-vp8: eb34c28f22e8b96e1ab97ce403110664 -> 
  custom:video-decoder-webm-vp8: 9c59270c3fd7afecdb556c50c9e8de78 -> 
  custom:audio-decoder-ogg-vorbis: bf7c407c2cedff20999df2af8eb42d56 -> 
  custom:audio-encoder-webm-vorbis: bf7c407c2cedff20999df2af8eb42d56 -> 
========================================================================
Received Prepare
Registering precompiled user dll's ...
Registered in 0.003880 seconds.
Begin MonoManager ReloadAssembly
Native extension for WindowsStandalone target not found
Refreshing native plugins compatible for Editor in 0.76 ms, found 3 plugins.
Preloading 0 native plugins for Editor in 0.00 ms.
Mono: successfully reloaded assembly
- Completed reload, in  1.078 seconds
Platform modules already initialized, skipping
Refreshing native plugins compatible for Editor in 0.51 ms, found 3 plugins.
Preloading 0 native plugins for Editor in 0.00 ms.
Unloading 1977 Unused Serialized files (Serialized files now loaded: 0)
System memory in use before: 107.7 MB.
System memory in use after: 107.8 MB.

Unloading 18 unused Assets to reduce memory usage. Loaded Objects now: 2550.
Total: 2.278300 ms (FindLiveObjects: 0.215600 ms CreateObjectMapping: 0.050100 ms MarkObjects: 1.949200 ms  DeleteObjects: 0.062100 ms)

AssetImportParameters requested are different than current active one (requested -> active):
  custom:framework-win-MediaFoundation: 216162199b28c13a410421893ffa2e32 -> 
  custom:video-decoder-ogg-theora: a1e56fd34408186e4bbccfd4996cb3dc -> 
  custom:container-muxer-webm: aa71ff27fc2769a1b78a27578f13a17b -> 
  custom:container-demuxer-webm: 4f35f7cbe854078d1ac9338744f61a02 -> 
  custom:container-demuxer-ogg: 62fdf1f143b41e24485cea50d1cbac27 -> 
  custom:video-encoder-webm-vp8: eb34c28f22e8b96e1ab97ce403110664 -> 
  custom:video-decoder-webm-vp8: 9c59270c3fd7afecdb556c50c9e8de78 -> 
  custom:audio-decoder-ogg-vorbis: bf7c407c2cedff20999df2af8eb42d56 -> 
  custom:audio-encoder-webm-vorbis: bf7c407c2cedff20999df2af8eb42d56 -> 
========================================================================
Received Import Request.
  Time since last request: 65.012619 seconds.
  path: Assets/00.MyAsset/01.Script/Character/Skill/AuraVFX_PoisonPad.cs
  artifactKey: Guid(c4579bcc4afdcf440b1a8ca2704386b7) Importer(815301076,1909f56bfc062723c751e8b465ee728b)
Start importing Assets/00.MyAsset/01.Script/Character/Skill/AuraVFX_PoisonPad.cs using Guid(c4579bcc4afdcf440b1a8ca2704386b7) Importer(815301076,1909f56bfc062723c751e8b465ee728b)  -> (artifact id: '37dd159bae43e64521c207156b5fcd43') in 0.014099 seconds 
  Import took 0.030157 seconds .

========================================================================
Received Import Request.
  Time since last request: 134.142851 seconds.
  path: Assets/Download/Animated Fantasy Polygon Chest/Animation/Fantasy_Polygon_Chest_Animation_Controller.controller
  artifactKey: Guid(529b61144c97e3e4f92f4a56a5defdc5) Importer(815301076,1909f56bfc062723c751e8b465ee728b)
Start importing Assets/Download/Animated Fantasy Polygon Chest/Animation/Fantasy_Polygon_Chest_Animation_Controller.controller using Guid(529b61144c97e3e4f92f4a56a5defdc5) Importer(815301076,1909f56bfc062723c751e8b465ee728b)  -> (artifact id: 'cf16ede47aa729794b89dfdf29b4529d') in 0.024492 seconds 
  Import took 0.049762 seconds .

========================================================================
Received Prepare
Registering precompiled user dll's ...
Registered in 0.004273 seconds.
Begin MonoManager ReloadAssembly
Native extension for WindowsStandalone target not found
Refreshing native plugins compatible for Editor in 0.53 ms, found 3 plugins.
Preloading 0 native plugins for Editor in 0.00 ms.
Mono: successfully reloaded assembly
- Completed reload, in  1.049 seconds
Platform modules already initialized, skipping
Refreshing native plugins compatible for Editor in 0.52 ms, found 3 plugins.
Preloading 0 native plugins for Editor in 0.00 ms.
Unloading 1977 Unused Serialized files (Serialized files now loaded: 0)
System memory in use before: 107.7 MB.
System memory in use after: 107.8 MB.

Unloading 18 unused Assets to reduce memory usage. Loaded Objects now: 2554.
Total: 2.485600 ms (FindLiveObjects: 0.243500 ms CreateObjectMapping: 0.052000 ms MarkObjects: 2.126100 ms  DeleteObjects: 0.062800 ms)

AssetImportParameters requested are different than current active one (requested -> active):
  custom:framework-win-MediaFoundation: 216162199b28c13a410421893ffa2e32 -> 
  custom:video-decoder-ogg-theora: a1e56fd34408186e4bbccfd4996cb3dc -> 
  custom:container-muxer-webm: aa71ff27fc2769a1b78a27578f13a17b -> 
  custom:container-demuxer-webm: 4f35f7cbe854078d1ac9338744f61a02 -> 
  custom:container-demuxer-ogg: 62fdf1f143b41e24485cea50d1cbac27 -> 
  custom:video-encoder-webm-vp8: eb34c28f22e8b96e1ab97ce403110664 -> 
  custom:video-decoder-webm-vp8: 9c59270c3fd7afecdb556c50c9e8de78 -> 
  custom:audio-decoder-ogg-vorbis: bf7c407c2cedff20999df2af8eb42d56 -> 
  custom:audio-encoder-webm-vorbis: bf7c407c2cedff20999df2af8eb42d56 -> 
========================================================================
Received Import Request.
  Time since last request: 286.955585 seconds.
  path: Assets/Download/Animated Fantasy Polygon Chest/FBX/Fantasy_Polygon_Chest_level_01.fbx
  artifactKey: Guid(9d638e4ab8607194dab32e8f1f18af0f) Importer(815301076,1909f56bfc062723c751e8b465ee728b)
Start importing Assets/Download/Animated Fantasy Polygon Chest/FBX/Fantasy_Polygon_Chest_level_01.fbx using Guid(9d638e4ab8607194dab32e8f1f18af0f) Importer(815301076,1909f56bfc062723c751e8b465ee728b)  -> (artifact id: '2e40118916edd6c2c4dff75259d0b151') in 0.095460 seconds 
  Import took 0.098968 seconds .

========================================================================
Received Import Request.
  Time since last request: 3.563780 seconds.
  path: Assets/Download/Animated Fantasy Polygon Chest/FBX/Fantasy_Polygon_Chest_level_02.fbx
  artifactKey: Guid(6fe60a1f58017004ba36e5dba726da31) Importer(815301076,1909f56bfc062723c751e8b465ee728b)
Start importing Assets/Download/Animated Fantasy Polygon Chest/FBX/Fantasy_Polygon_Chest_level_02.fbx using Guid(6fe60a1f58017004ba36e5dba726da31) Importer(815301076,1909f56bfc062723c751e8b465ee728b)  -> (artifact id: 'a12d4b357666ae226fef32d7fa4c19ee') in 0.038497 seconds 
  Import took 0.053064 seconds .

========================================================================
Received Import Request.
  Time since last request: 94.518332 seconds.
  path: Assets/Download/Animated Fantasy Polygon Chest/Prefab/Fantasy_Polygon_Chest_level_01.prefab
  artifactKey: Guid(511198219d384134c8311337315ae660) Importer(815301076,1909f56bfc062723c751e8b465ee728b)
Start importing Assets/Download/Animated Fantasy Polygon Chest/Prefab/Fantasy_Polygon_Chest_level_01.prefab using Guid(511198219d384134c8311337315ae660) Importer(815301076,1909f56bfc062723c751e8b465ee728b)  -> (artifact id: '3997109c852045643d2f01cd73b2d113') in 0.034896 seconds 
  Import took 0.052649 seconds .

========================================================================
Received Import Request.
  Time since last request: 2.970242 seconds.
  path: Assets/00.MyAsset/06.Scene/ProjectScene.unity
  artifactKey: Guid(9fc0d4010bbf28b4594072e72b8655ab) Importer(815301076,1909f56bfc062723c751e8b465ee728b)
Start importing Assets/00.MyAsset/06.Scene/ProjectScene.unity using Guid(9fc0d4010bbf28b4594072e72b8655ab) Importer(815301076,1909f56bfc062723c751e8b465ee728b)  -> (artifact id: 'b97693d0e9d218bf1262dfe4f309aaa7') in 0.009014 seconds 
  Import took 0.031910 seconds .

========================================================================
Received Import Request.
  Time since last request: 10.289118 seconds.
  path: Assets/Download/Animated Fantasy Polygon Chest/Prefab/Fantasy_Polygon_Chest_level_01.prefab
  artifactKey: Guid(511198219d384134c8311337315ae660) Importer(815301076,1909f56bfc062723c751e8b465ee728b)
Start importing Assets/Download/Animated Fantasy Polygon Chest/Prefab/Fantasy_Polygon_Chest_level_01.prefab using Guid(511198219d384134c8311337315ae660) Importer(815301076,1909f56bfc062723c751e8b465ee728b)  -> (artifact id: '3f4aeedce8aef45ebac91687c95f44ae') in 0.027773 seconds 
  Import took 0.031544 seconds .

========================================================================
Received Import Request.
  Time since last request: 0.757848 seconds.
  path: Assets/Download/Animated Fantasy Polygon Chest/Prefab/Fantasy_Polygon_Chest_level_01.prefab
  artifactKey: Guid(511198219d384134c8311337315ae660) Importer(815301076,1909f56bfc062723c751e8b465ee728b)
Start importing Assets/Download/Animated Fantasy Polygon Chest/Prefab/Fantasy_Polygon_Chest_level_01.prefab using Guid(511198219d384134c8311337315ae660) Importer(815301076,1909f56bfc062723c751e8b465ee728b)  -> (artifact id: '2f7f10e5cb414c0a8f56fd2ec07de721') in 0.024862 seconds 
  Import took 0.028681 seconds .

========================================================================
Received Import Request.
  Time since last request: 1.392789 seconds.
  path: Assets/Download/Animated Fantasy Polygon Chest/Prefab/Fantasy_Polygon_Chest_level_01.prefab
  artifactKey: Guid(511198219d384134c8311337315ae660) Importer(815301076,1909f56bfc062723c751e8b465ee728b)
Start importing Assets/Download/Animated Fantasy Polygon Chest/Prefab/Fantasy_Polygon_Chest_level_01.prefab using Guid(511198219d384134c8311337315ae660) Importer(815301076,1909f56bfc062723c751e8b465ee728b)  -> (artifact id: '535ad5bd61ce828532daac0da69f86a4') in 0.020257 seconds 
  Import took 0.032658 seconds .

========================================================================
Received Import Request.
  Time since last request: 13.735773 seconds.
  path: Assets/Download/Animated Fantasy Polygon Chest/Prefab/Fantasy_Polygon_Chest_level_01.prefab
  artifactKey: Guid(511198219d384134c8311337315ae660) Importer(815301076,1909f56bfc062723c751e8b465ee728b)
Start importing Assets/Download/Animated Fantasy Polygon Chest/Prefab/Fantasy_Polygon_Chest_level_01.prefab using Guid(511198219d384134c8311337315ae660) Importer(815301076,1909f56bfc062723c751e8b465ee728b)  -> (artifact id: '9e2bb3641ba190f45c0ad735a0e90c37') in 0.027229 seconds 
  Import took 0.042161 seconds .

========================================================================
Received Import Request.
  Time since last request: 5.620844 seconds.
  path: Assets/Download/Animated Fantasy Polygon Chest/Prefab/Fantasy_Polygon_Chest_level_01.prefab
  artifactKey: Guid(511198219d384134c8311337315ae660) Importer(815301076,1909f56bfc062723c751e8b465ee728b)
Start importing Assets/Download/Animated Fantasy Polygon Chest/Prefab/Fantasy_Polygon_Chest_level_01.prefab using Guid(511198219d384134c8311337315ae660) Importer(815301076,1909f56bfc062723c751e8b465ee728b)  -> (artifact id: '2c83506ed60f22bc7ee18c38a059d746') in 0.024820 seconds 
  Import took 0.042401 seconds .

========================================================================
Received Import Request.
  Time since last request: 6.145897 seconds.
  path: Assets/Download/Animated Fantasy Polygon Chest/Prefab/Fantasy_Polygon_Chest_level_01.prefab
  artifactKey: Guid(511198219d384134c8311337315ae660) Importer(815301076,1909f56bfc062723c751e8b465ee728b)
Start importing Assets/Download/Animated Fantasy Polygon Chest/Prefab/Fantasy_Polygon_Chest_level_01.prefab using Guid(511198219d384134c8311337315ae660) Importer(815301076,1909f56bfc062723c751e8b465ee728b)  -> (artifact id: '3f75d10071e1a0611b2df3140fe12851') in 0.028184 seconds 
  Import took 0.032179 seconds .

========================================================================
Received Import Request.
  Time since last request: 7.464778 seconds.
  path: Assets/Download/Animated Fantasy Polygon Chest/Prefab/Fantasy_Polygon_Chest_level_01.prefab
  artifactKey: Guid(511198219d384134c8311337315ae660) Importer(815301076,1909f56bfc062723c751e8b465ee728b)
Start importing Assets/Download/Animated Fantasy Polygon Chest/Prefab/Fantasy_Polygon_Chest_level_01.prefab using Guid(511198219d384134c8311337315ae660) Importer(815301076,1909f56bfc062723c751e8b465ee728b)  -> (artifact id: '59071351d1c5dcf050cfb5050d57d13f') in 0.025557 seconds 
  Import took 0.029309 seconds .

========================================================================
Received Import Request.
  Time since last request: 31.284854 seconds.
  path: Assets/00.MyAsset/01.Script/Object
  artifactKey: Guid(2b2d0cf98be94994db5152ccce6d9700) Importer(815301076,1909f56bfc062723c751e8b465ee728b)
Start importing Assets/00.MyAsset/01.Script/Object using Guid(2b2d0cf98be94994db5152ccce6d9700) Importer(815301076,1909f56bfc062723c751e8b465ee728b)  -> (artifact id: '0ee166e827c0fc14db894556305413ee') in 0.008609 seconds 
  Import took 0.011945 seconds .

========================================================================
Received Import Request.
  Time since last request: 0.000500 seconds.
  path: Assets/00.MyAsset/01.Script/Object
  artifactKey: Guid(2b2d0cf98be94994db5152ccce6d9700) Importer(815301076,1909f56bfc062723c751e8b465ee728b)
Start importing Assets/00.MyAsset/01.Script/Object using Guid(2b2d0cf98be94994db5152ccce6d9700) Importer(815301076,1909f56bfc062723c751e8b465ee728b)  -> (artifact id: '0ee166e827c0fc14db894556305413ee') in 0.001685 seconds 
  Import took 0.004652 seconds .

========================================================================
Received Import Request.
  Time since last request: 12.431931 seconds.
  path: Assets/00.MyAsset/01.Script/Object/Chest
  artifactKey: Guid(09a9a3c3df296404cb2a5edd08702f56) Importer(815301076,1909f56bfc062723c751e8b465ee728b)
Start importing Assets/00.MyAsset/01.Script/Object/Chest using Guid(09a9a3c3df296404cb2a5edd08702f56) Importer(815301076,1909f56bfc062723c751e8b465ee728b)  -> (artifact id: 'c838e1d05a00ceb9cbef3a65fa3e3baf') in 0.008423 seconds 
  Import took 0.011540 seconds .

========================================================================
Received Import Request.
  Time since last request: 21.522898 seconds.
  path: Assets/00.MyAsset/01.Script/Object/Chest/Chest.cs
  artifactKey: Guid(99815e4e28ea9744bb4bd94d2b8d7c2d) Importer(815301076,1909f56bfc062723c751e8b465ee728b)
Start importing Assets/00.MyAsset/01.Script/Object/Chest/Chest.cs using Guid(99815e4e28ea9744bb4bd94d2b8d7c2d) Importer(815301076,1909f56bfc062723c751e8b465ee728b)  -> (artifact id: '1e15fec91984e46cd5130557611f85a6') in 0.001896 seconds 
  Import took 0.005518 seconds .

========================================================================
Received Prepare
Registering precompiled user dll's ...
Registered in 0.003468 seconds.
Begin MonoManager ReloadAssembly
Native extension for WindowsStandalone target not found
Refreshing native plugins compatible for Editor in 0.52 ms, found 3 plugins.
Preloading 0 native plugins for Editor in 0.00 ms.
Mono: successfully reloaded assembly
- Completed reload, in  1.052 seconds
Platform modules already initialized, skipping
Refreshing native plugins compatible for Editor in 0.51 ms, found 3 plugins.
Preloading 0 native plugins for Editor in 0.00 ms.
Unloading 1978 Unused Serialized files (Serialized files now loaded: 0)
System memory in use before: 107.8 MB.
System memory in use after: 107.9 MB.

Unloading 18 unused Assets to reduce memory usage. Loaded Objects now: 2560.
Total: 2.472900 ms (FindLiveObjects: 0.215700 ms CreateObjectMapping: 0.050200 ms MarkObjects: 2.145300 ms  DeleteObjects: 0.060800 ms)

AssetImportParameters requested are different than current active one (requested -> active):
  custom:framework-win-MediaFoundation: 216162199b28c13a410421893ffa2e32 -> 
  custom:video-decoder-ogg-theora: a1e56fd34408186e4bbccfd4996cb3dc -> 
  custom:container-muxer-webm: aa71ff27fc2769a1b78a27578f13a17b -> 
  custom:container-demuxer-webm: 4f35f7cbe854078d1ac9338744f61a02 -> 
  custom:container-demuxer-ogg: 62fdf1f143b41e24485cea50d1cbac27 -> 
  custom:video-encoder-webm-vp8: eb34c28f22e8b96e1ab97ce403110664 -> 
  custom:video-decoder-webm-vp8: 9c59270c3fd7afecdb556c50c9e8de78 -> 
  custom:audio-decoder-ogg-vorbis: bf7c407c2cedff20999df2af8eb42d56 -> 
  custom:audio-encoder-webm-vorbis: bf7c407c2cedff20999df2af8eb42d56 -> 
========================================================================
Received Import Request.
  Time since last request: 56.419046 seconds.
  path: Assets/00.MyAsset/01.Script/Object/Chest/Chest.cs
  artifactKey: Guid(99815e4e28ea9744bb4bd94d2b8d7c2d) Importer(815301076,1909f56bfc062723c751e8b465ee728b)
Start importing Assets/00.MyAsset/01.Script/Object/Chest/Chest.cs using Guid(99815e4e28ea9744bb4bd94d2b8d7c2d) Importer(815301076,1909f56bfc062723c751e8b465ee728b)  -> (artifact id: '574c44dc34296402fc8c876198a00a17') in 0.004786 seconds 
  Import took 0.023964 seconds .

AssetImportWorkerClient::OnTransportError - code=2 error=End of file
